{"synthetic": false,
 "schemaVersion": "2025-09-10",
 "outputs":
 {"o": ["fd40448934dfc565.olean"],
  "m": false,
  "i": "4c9ebe99ae26832b.ilean",
  "c": "e0e15550f48c92a6.c"},
 "log":
 [{"message":
   ".> LEAN_PATH=C:\\Users\\Lenovo\\Downloads\\lean-ml(1)\\lean-ml\\.lake\\packages\\Cli\\.lake\\build\\lib\\lean;C:\\Users\\Lenovo\\Downloads\\lean-ml(1)\\lean-ml\\.lake\\packages\\batteries\\.lake\\build\\lib\\lean;C:\\Users\\Lenovo\\Downloads\\lean-ml(1)\\lean-ml\\.lake\\packages\\Qq\\.lake\\build\\lib\\lean;C:\\Users\\Lenovo\\Downloads\\lean-ml(1)\\lean-ml\\.lake\\packages\\aesop\\.lake\\build\\lib\\lean;C:\\Users\\Lenovo\\Downloads\\lean-ml(1)\\lean-ml\\.lake\\packages\\proofwidgets\\.lake\\build\\lib\\lean;C:\\Users\\Lenovo\\Downloads\\lean-ml(1)\\lean-ml\\.lake\\packages\\importGraph\\.lake\\build\\lib\\lean;C:\\Users\\Lenovo\\Downloads\\lean-ml(1)\\lean-ml\\.lake\\packages\\LeanSearchClient\\.lake\\build\\lib\\lean;C:\\Users\\Lenovo\\Downloads\\lean-ml(1)\\lean-ml\\.lake\\packages\\plausible\\.lake\\build\\lib\\lean;C:\\Users\\Lenovo\\Downloads\\lean-ml(1)\\lean-ml\\.lake\\packages\\mathlib\\.lake\\build\\lib\\lean;C:\\Users\\Lenovo\\Downloads\\lean-ml(1)\\lean-ml\\.lake\\build\\lib\\lean c:\\Users\\Lenovo\\.elan\\toolchains\\leanprover--lean4---v4.30.0-rc1\\bin\\lean.exe C:\\Users\\Lenovo\\Downloads\\lean-ml(1)\\lean-ml\\LeanML\\Foundations.lean -o C:\\Users\\Lenovo\\Downloads\\lean-ml(1)\\lean-ml\\.lake\\build\\lib\\lean\\LeanML\\Foundations.olean -i C:\\Users\\Lenovo\\Downloads\\lean-ml(1)\\lean-ml\\.lake\\build\\lib\\lean\\LeanML\\Foundations.ilean -c C:\\Users\\Lenovo\\Downloads\\lean-ml(1)\\lean-ml\\.lake\\build\\ir\\LeanML\\Foundations.c --setup C:\\Users\\Lenovo\\Downloads\\lean-ml(1)\\lean-ml\\.lake\\build\\ir\\LeanML\\Foundations.setup.json --json",
   "level": "trace"}],
 "inputs":
 [["LeanML.Foundations:deps",
   [["deps",
     [["LeanML/LeanML:extraDep", [["@LeanML:extraDep", "00000000000006bb"]]],
      ["imports",
       [["LeanML.Foundations.Basic transitive imports (legacy)",
         "19c396f95f8478bd"],
        ["LeanML.Foundations.Basic:importAllArts", "06fb8aadec5f92cc"]]]]],
    ["libs",
     [["import dynlibs", "00000000000006bb"],
      ["package external libraries", "00000000000006bb"],
      ["module dynlibs", "00000000000006bb"],
      ["module plugins", "00000000000006bb"]]]]],
  ["Lean 4.30.0, commit 714601baf118066cbf3f282361339c6d06665b2a",
   "a22979b798cee25b"],
  ["C:\\Users\\Lenovo\\Downloads\\lean-ml(1)\\lean-ml\\LeanML\\Foundations.lean",
   "adc7f1c9769ac2df"],
  ["options", "00000000000006bb"],
  ["isModule: false", "feefd2a0d3a1847e"],
  ["Module.name: LeanML.Foundations", "e4887de474a8ba19"],
  ["Package.id?: (some LeanML)", "25baa0efdfa23113"],
  ["Module.leanArgs: #[]", "00000000000006bb"]],
 "depHash": "4220a9787ab161a0"}