{"synthetic": false,
 "schemaVersion": "2025-09-10",
 "outputs":
 {"o": ["3a818a56697293f3.olean"],
  "m": false,
  "i": "63cae6340ae34eec.ilean",
  "c": "8e7cb92322f5521b.c"},
 "log":
 [{"message":
   ".> LEAN_PATH=C:\\Users\\Lenovo\\Downloads\\lean-ml(1)\\lean-ml\\.lake\\packages\\Cli\\.lake\\build\\lib\\lean;C:\\Users\\Lenovo\\Downloads\\lean-ml(1)\\lean-ml\\.lake\\packages\\batteries\\.lake\\build\\lib\\lean;C:\\Users\\Lenovo\\Downloads\\lean-ml(1)\\lean-ml\\.lake\\packages\\Qq\\.lake\\build\\lib\\lean;C:\\Users\\Lenovo\\Downloads\\lean-ml(1)\\lean-ml\\.lake\\packages\\aesop\\.lake\\build\\lib\\lean;C:\\Users\\Lenovo\\Downloads\\lean-ml(1)\\lean-ml\\.lake\\packages\\proofwidgets\\.lake\\build\\lib\\lean;C:\\Users\\Lenovo\\Downloads\\lean-ml(1)\\lean-ml\\.lake\\packages\\importGraph\\.lake\\build\\lib\\lean;C:\\Users\\Lenovo\\Downloads\\lean-ml(1)\\lean-ml\\.lake\\packages\\LeanSearchClient\\.lake\\build\\lib\\lean;C:\\Users\\Lenovo\\Downloads\\lean-ml(1)\\lean-ml\\.lake\\packages\\plausible\\.lake\\build\\lib\\lean;C:\\Users\\Lenovo\\Downloads\\lean-ml(1)\\lean-ml\\.lake\\packages\\mathlib\\.lake\\build\\lib\\lean;C:\\Users\\Lenovo\\Downloads\\lean-ml(1)\\lean-ml\\.lake\\build\\lib\\lean c:\\Users\\Lenovo\\.elan\\toolchains\\leanprover--lean4---v4.30.0-rc1\\bin\\lean.exe C:\\Users\\Lenovo\\Downloads\\lean-ml(1)\\lean-ml\\LeanML\\Init.lean -o C:\\Users\\Lenovo\\Downloads\\lean-ml(1)\\lean-ml\\.lake\\build\\lib\\lean\\LeanML\\Init.olean -i C:\\Users\\Lenovo\\Downloads\\lean-ml(1)\\lean-ml\\.lake\\build\\lib\\lean\\LeanML\\Init.ilean -c C:\\Users\\Lenovo\\Downloads\\lean-ml(1)\\lean-ml\\.lake\\build\\ir\\LeanML\\Init.c --setup C:\\Users\\Lenovo\\Downloads\\lean-ml(1)\\lean-ml\\.lake\\build\\ir\\LeanML\\Init.setup.json --json",
   "level": "trace"}],
 "inputs":
 [["LeanML.Init:deps",
   [["deps",
     [["LeanML/LeanML:extraDep", [["@LeanML:extraDep", "00000000000006bb"]]],
      ["imports",
       [["Mathlib.Analysis.InnerProductSpace.Basic transitive imports (legacy)",
         "1e9c5625f41733ec"],
        ["Mathlib.Analysis.InnerProductSpace.Basic:importAllArts",
         "f5045091dc6c4e09"],
        ["Mathlib.Topology.MetricSpace.Basic transitive imports (legacy)",
         "e3861e7177341fb8"],
        ["Mathlib.Topology.MetricSpace.Basic:importAllArts",
         "1014a338da884e2c"]]]]],
    ["libs",
     [["import dynlibs", "00000000000006bb"],
      ["package external libraries", "00000000000006bb"],
      ["module dynlibs", "00000000000006bb"],
      ["module plugins", "00000000000006bb"]]]]],
  ["Lean 4.30.0, commit 714601baf118066cbf3f282361339c6d06665b2a",
   "a22979b798cee25b"],
  ["C:\\Users\\Lenovo\\Downloads\\lean-ml(1)\\lean-ml\\LeanML\\Init.lean",
   "8e78b2b222f9a943"],
  ["options", "00000000000006bb"],
  ["isModule: false", "feefd2a0d3a1847e"],
  ["Module.name: LeanML.Init", "bd9bcc36914959c3"],
  ["Package.id?: (some LeanML)", "25baa0efdfa23113"],
  ["Module.leanArgs: #[]", "00000000000006bb"]],
 "depHash": "d79574f42630e28b"}