{"synthetic": false,
 "schemaVersion": "2025-09-10",
 "outputs":
 {"o": ["a0a9b9bf0ec96bb9.olean"],
  "m": false,
  "i": "a1dbd54a1cea6ad4.ilean",
  "c": "cca32c650ee78033.c"},
 "log":
 [{"message":
   ".> LEAN_PATH=C:\\Users\\Lenovo\\Downloads\\lean-ml(1)\\lean-ml\\.lake\\packages\\Cli\\.lake\\build\\lib\\lean;C:\\Users\\Lenovo\\Downloads\\lean-ml(1)\\lean-ml\\.lake\\packages\\batteries\\.lake\\build\\lib\\lean;C:\\Users\\Lenovo\\Downloads\\lean-ml(1)\\lean-ml\\.lake\\packages\\Qq\\.lake\\build\\lib\\lean;C:\\Users\\Lenovo\\Downloads\\lean-ml(1)\\lean-ml\\.lake\\packages\\aesop\\.lake\\build\\lib\\lean;C:\\Users\\Lenovo\\Downloads\\lean-ml(1)\\lean-ml\\.lake\\packages\\proofwidgets\\.lake\\build\\lib\\lean;C:\\Users\\Lenovo\\Downloads\\lean-ml(1)\\lean-ml\\.lake\\packages\\importGraph\\.lake\\build\\lib\\lean;C:\\Users\\Lenovo\\Downloads\\lean-ml(1)\\lean-ml\\.lake\\packages\\LeanSearchClient\\.lake\\build\\lib\\lean;C:\\Users\\Lenovo\\Downloads\\lean-ml(1)\\lean-ml\\.lake\\packages\\plausible\\.lake\\build\\lib\\lean;C:\\Users\\Lenovo\\Downloads\\lean-ml(1)\\lean-ml\\.lake\\packages\\mathlib\\.lake\\build\\lib\\lean;C:\\Users\\Lenovo\\Downloads\\lean-ml(1)\\lean-ml\\.lake\\build\\lib\\lean c:\\Users\\Lenovo\\.elan\\toolchains\\leanprover--lean4---v4.30.0-rc1\\bin\\lean.exe C:\\Users\\Lenovo\\Downloads\\lean-ml(1)\\lean-ml\\LeanML\\Unsupervised.lean -o C:\\Users\\Lenovo\\Downloads\\lean-ml(1)\\lean-ml\\.lake\\build\\lib\\lean\\LeanML\\Unsupervised.olean -i C:\\Users\\Lenovo\\Downloads\\lean-ml(1)\\lean-ml\\.lake\\build\\lib\\lean\\LeanML\\Unsupervised.ilean -c C:\\Users\\Lenovo\\Downloads\\lean-ml(1)\\lean-ml\\.lake\\build\\ir\\LeanML\\Unsupervised.c --setup C:\\Users\\Lenovo\\Downloads\\lean-ml(1)\\lean-ml\\.lake\\build\\ir\\LeanML\\Unsupervised.setup.json --json",
   "level": "trace"}],
 "inputs":
 [["LeanML.Unsupervised:deps",
   [["deps",
     [["LeanML/LeanML:extraDep", [["@LeanML:extraDep", "00000000000006bb"]]],
      ["imports",
       [["LeanML.Unsupervised.Basic transitive imports (legacy)",
         "604a35ad56f71a3e"],
        ["LeanML.Unsupervised.Basic:importAllArts", "601541b7fac54626"]]]]],
    ["libs",
     [["import dynlibs", "00000000000006bb"],
      ["package external libraries", "00000000000006bb"],
      ["module dynlibs", "00000000000006bb"],
      ["module plugins", "00000000000006bb"]]]]],
  ["Lean 4.30.0, commit 714601baf118066cbf3f282361339c6d06665b2a",
   "a22979b798cee25b"],
  ["C:\\Users\\Lenovo\\Downloads\\lean-ml(1)\\lean-ml\\LeanML\\Unsupervised.lean",
   "3e1f91b5a9884217"],
  ["options", "00000000000006bb"],
  ["isModule: false", "feefd2a0d3a1847e"],
  ["Module.name: LeanML.Unsupervised", "0626ece8cae022ab"],
  ["Package.id?: (some LeanML)", "25baa0efdfa23113"],
  ["Module.leanArgs: #[]", "00000000000006bb"]],
 "depHash": "827105e278fcfe29"}