{"synthetic": false,
 "schemaVersion": "2025-09-10",
 "outputs":
 {"o": ["ee92c9f8dd0e3a0f.olean"],
  "m": false,
  "i": "b98eb7dc740b3fea.ilean",
  "c": "f23b9e642d08a13e.c"},
 "log":
 [{"message":
   ".> LEAN_PATH=C:\\Users\\Lenovo\\Downloads\\lean-ml(1)\\lean-ml\\.lake\\packages\\Cli\\.lake\\build\\lib\\lean;C:\\Users\\Lenovo\\Downloads\\lean-ml(1)\\lean-ml\\.lake\\packages\\batteries\\.lake\\build\\lib\\lean;C:\\Users\\Lenovo\\Downloads\\lean-ml(1)\\lean-ml\\.lake\\packages\\Qq\\.lake\\build\\lib\\lean;C:\\Users\\Lenovo\\Downloads\\lean-ml(1)\\lean-ml\\.lake\\packages\\aesop\\.lake\\build\\lib\\lean;C:\\Users\\Lenovo\\Downloads\\lean-ml(1)\\lean-ml\\.lake\\packages\\proofwidgets\\.lake\\build\\lib\\lean;C:\\Users\\Lenovo\\Downloads\\lean-ml(1)\\lean-ml\\.lake\\packages\\importGraph\\.lake\\build\\lib\\lean;C:\\Users\\Lenovo\\Downloads\\lean-ml(1)\\lean-ml\\.lake\\packages\\LeanSearchClient\\.lake\\build\\lib\\lean;C:\\Users\\Lenovo\\Downloads\\lean-ml(1)\\lean-ml\\.lake\\packages\\plausible\\.lake\\build\\lib\\lean;C:\\Users\\Lenovo\\Downloads\\lean-ml(1)\\lean-ml\\.lake\\packages\\mathlib\\.lake\\build\\lib\\lean;C:\\Users\\Lenovo\\Downloads\\lean-ml(1)\\lean-ml\\.lake\\build\\lib\\lean c:\\Users\\Lenovo\\.elan\\toolchains\\leanprover--lean4---v4.30.0-rc1\\bin\\lean.exe C:\\Users\\Lenovo\\Downloads\\lean-ml(1)\\lean-ml\\LeanML\\Supervised\\Regression\\Linear\\Affine.lean -o C:\\Users\\Lenovo\\Downloads\\lean-ml(1)\\lean-ml\\.lake\\build\\lib\\lean\\LeanML\\Supervised\\Regression\\Linear\\Affine.olean -i C:\\Users\\Lenovo\\Downloads\\lean-ml(1)\\lean-ml\\.lake\\build\\lib\\lean\\LeanML\\Supervised\\Regression\\Linear\\Affine.ilean -c C:\\Users\\Lenovo\\Downloads\\lean-ml(1)\\lean-ml\\.lake\\build\\ir\\LeanML\\Supervised\\Regression\\Linear\\Affine.c --setup C:\\Users\\Lenovo\\Downloads\\lean-ml(1)\\lean-ml\\.lake\\build\\ir\\LeanML\\Supervised\\Regression\\Linear\\Affine.setup.json --json",
   "level": "trace"}],
 "inputs":
 [["LeanML.Supervised.Regression.Linear.Affine:deps",
   [["deps",
     [["LeanML/LeanML:extraDep", [["@LeanML:extraDep", "00000000000006bb"]]],
      ["imports",
       [["LeanML.Optimization transitive imports (legacy)", "9f8ee42df0d387ce"],
        ["LeanML.Optimization:importAllArts", "684405067686b7f9"],
        ["Mathlib.Analysis.InnerProductSpace.Basic transitive imports (legacy)",
         "1e9c5625f41733ec"],
        ["Mathlib.Analysis.InnerProductSpace.Basic:importAllArts",
         "f5045091dc6c4e09"]]]]],
    ["libs",
     [["import dynlibs", "00000000000006bb"],
      ["package external libraries", "00000000000006bb"],
      ["module dynlibs", "00000000000006bb"],
      ["module plugins", "00000000000006bb"]]]]],
  ["Lean 4.30.0, commit 714601baf118066cbf3f282361339c6d06665b2a",
   "a22979b798cee25b"],
  ["C:\\Users\\Lenovo\\Downloads\\lean-ml(1)\\lean-ml\\LeanML\\Supervised\\Regression\\Linear\\Affine.lean",
   "d65b390a4d4694b2"],
  ["options", "00000000000006bb"],
  ["isModule: false", "feefd2a0d3a1847e"],
  ["Module.name: LeanML.Supervised.Regression.Linear.Affine",
   "45cc472cb315f6c9"],
  ["Package.id?: (some LeanML)", "25baa0efdfa23113"],
  ["Module.leanArgs: #[]", "00000000000006bb"]],
 "depHash": "08d07b7c0f348b6a"}